<?xml version="1.0" encoding="UTF-8"?>
<!-- Generated by org.testng.reporters.JUnitReportReporter -->
<testsuite hostname="DESKTOP-0RQF8FK" name="orangehrm.tests.AdminLoginTestwithInvalidData" tests="1" failures="0" timestamp="30 Apr 2021 07:28:26 GMT" time="5.069" errors="0">
  <testcase name="checkAdminLogin" time="5.069" classname="orangehrm.tests.AdminLoginTestwithInvalidData"/>
</testsuite> <!-- orangehrm.tests.AdminLoginTestwithInvalidData -->
