<?xml version="1.0" encoding="UTF-8"?>
<!-- Generated by org.testng.reporters.JUnitReportReporter -->
<testsuite hostname="DESKTOP-0RQF8FK" name="orangehrm.tests.OrangeHRM_HybridTest" tests="1" failures="0" timestamp="4 May 2021 07:16:25 GMT" time="89.407" errors="0">
  <testcase name="orangeHRMTestSuite" time="89.407" classname="orangehrm.tests.OrangeHRM_HybridTest"/>
</testsuite> <!-- orangehrm.tests.OrangeHRM_HybridTest -->
