<?xml version="1.0" encoding="UTF-8"?>
<!-- Generated by org.testng.reporters.JUnitReportReporter -->
<testsuite hostname="DESKTOP-0RQF8FK" name="orangehrm.tests.AdminLoginTest" tests="1" failures="0" timestamp="21 Apr 2021 07:14:04 GMT" time="7.029" errors="0">
  <testcase name="checkAdminLogin" time="7.029" classname="orangehrm.tests.AdminLoginTest"/>
</testsuite> <!-- orangehrm.tests.AdminLoginTest -->
