<?xml version="1.0" encoding="UTF-8"?>
<!-- Generated by org.testng.reporters.JUnitReportReporter -->
<testsuite hostname="DESKTOP-0RQF8FK" name="orangehrm.tests.AdminLoginTest" tests="1" failures="0" timestamp="8 May 2021 06:57:33 GMT" time="13.677" errors="0">
  <testcase name="checkAdminLogin" time="13.677" classname="orangehrm.tests.AdminLoginTest"/>
</testsuite> <!-- orangehrm.tests.AdminLoginTest -->
